<?xml version="1.0" encoding="UTF-8"?>
<testng-results skipped="0" failed="0" ignored="0" total="1" passed="1">
  <reporter-output>
  </reporter-output>
  <suite name="Default suite" duration-ms="79" started-at="2016-12-11T21:13:06Z" finished-at="2016-12-11T21:13:06Z">
    <groups>
    </groups>
    <test name="Default test" duration-ms="79" started-at="2016-12-11T21:13:06Z" finished-at="2016-12-11T21:13:06Z">
      <class name="addd.NewTest">
        <test-method status="PASS" signature="beforeSuite()[pri:0, instance:addd.NewTest@16a51ab]" name="beforeSuite" is-config="true" duration-ms="49" started-at="2016-12-11T23:13:06Z" finished-at="2016-12-11T23:13:06Z">
          <reporter-output>
          </reporter-output>
        </test-method> <!-- beforeSuite -->
        <test-method status="PASS" signature="beforeTest()[pri:0, instance:addd.NewTest@16a51ab]" name="beforeTest" is-config="true" duration-ms="5" started-at="2016-12-11T23:13:06Z" finished-at="2016-12-11T23:13:06Z">
          <reporter-output>
          </reporter-output>
        </test-method> <!-- beforeTest -->
        <test-method status="PASS" signature="beforeClass()[pri:0, instance:addd.NewTest@16a51ab]" name="beforeClass" is-config="true" duration-ms="0" started-at="2016-12-11T23:13:06Z" finished-at="2016-12-11T23:13:06Z">
          <reporter-output>
          </reporter-output>
        </test-method> <!-- beforeClass -->
        <test-method status="PASS" signature="testSum()[pri:0, instance:addd.NewTest@16a51ab]" name="testSum" duration-ms="17" started-at="2016-12-11T23:13:06Z" finished-at="2016-12-11T23:13:06Z">
          <reporter-output>
          </reporter-output>
        </test-method> <!-- testSum -->
        <test-method status="PASS" signature="setUp()[pri:0, instance:addd.NewTest@16a51ab]" name="setUp" is-config="true" duration-ms="0" started-at="2016-12-11T23:13:06Z" finished-at="2016-12-11T23:13:06Z">
          <reporter-output>
          </reporter-output>
        </test-method> <!-- setUp -->
        <test-method status="PASS" signature="afterClass()[pri:0, instance:addd.NewTest@16a51ab]" name="afterClass" is-config="true" duration-ms="0" started-at="2016-12-11T23:13:06Z" finished-at="2016-12-11T23:13:06Z">
          <reporter-output>
          </reporter-output>
        </test-method> <!-- afterClass -->
        <test-method status="PASS" signature="tearDown()[pri:0, instance:addd.NewTest@16a51ab]" name="tearDown" is-config="true" duration-ms="0" started-at="2016-12-11T23:13:06Z" finished-at="2016-12-11T23:13:06Z">
          <reporter-output>
          </reporter-output>
        </test-method> <!-- tearDown -->
        <test-method status="PASS" signature="afterTest()[pri:0, instance:addd.NewTest@16a51ab]" name="afterTest" is-config="true" duration-ms="1" started-at="2016-12-11T23:13:06Z" finished-at="2016-12-11T23:13:06Z">
          <reporter-output>
          </reporter-output>
        </test-method> <!-- afterTest -->
        <test-method status="PASS" signature="afterSuite()[pri:0, instance:addd.NewTest@16a51ab]" name="afterSuite" is-config="true" duration-ms="0" started-at="2016-12-11T23:13:07Z" finished-at="2016-12-11T23:13:07Z">
          <reporter-output>
          </reporter-output>
        </test-method> <!-- afterSuite -->
      </class> <!-- addd.NewTest -->
    </test> <!-- Default test -->
  </suite> <!-- Default suite -->
</testng-results>
