<?xml version="1.0" encoding="UTF-8"?>
<testng-results skipped="0" failed="0" ignored="66" total="67" passed="1">
  <reporter-output>
  </reporter-output>
  <suite name="Default suite" duration-ms="194" started-at="2017-03-14T08:25:11Z" finished-at="2017-03-14T08:25:11Z">
    <groups>
    </groups>
    <test name="Default test" duration-ms="194" started-at="2017-03-14T08:25:11Z" finished-at="2017-03-14T08:25:11Z">
      <class name="BTree.BtreeTest">
        <test-method status="PASS" signature="testIterator_many()[pri:0, instance:BTree.BtreeTest@15eef3d]" name="testIterator_many" duration-ms="64" started-at="2017-03-14T10:25:11Z" finished-at="2017-03-14T10:25:11Z">
          <reporter-output>
          </reporter-output>
        </test-method> <!-- testIterator_many -->
      </class> <!-- BTree.BtreeTest -->
    </test> <!-- Default test -->
  </suite> <!-- Default suite -->
</testng-results>
