<?xml version="1.0" encoding="UTF-8"?>
<!-- Generated by org.testng.reporters.JUnitXMLReporter -->
<testsuite hostname="work_pc" ignored="0" name="Default test" tests="80" failures="0" timestamp="06 бер. 2017 19:28:32 GMT" time="1.46" errors="0">
  <testcase name="testAddEnd" time="0.15" classname="LikedList.TestNG_LList"/>
  <testcase name="testAddEnd_1_elem" time="0.003" classname="LikedList.TestNG_LList"/>
  <testcase name="testAddEnd_2_elem" time="0.019" classname="LikedList.TestNG_LList"/>
  <testcase name="testAddEnd_iniArray_0_elem" time="0.005" classname="LikedList.TestNG_LList"/>
  <testcase name="testAddStart" time="0.002" classname="LikedList.TestNG_LList"/>
  <testcase name="testAddStart_0_elem" time="0.002" classname="LikedList.TestNG_LList"/>
  <testcase name="testAddStart_1_elem" time="0.001" classname="LikedList.TestNG_LList"/>
  <testcase name="testAddStart_2_elem" time="0.002" classname="LikedList.TestNG_LList"/>
  <testcase name="testAddStart_m30" time="0.002" classname="LikedList.TestNG_LList"/>
  <testcase name="testGet" time="0.004" classname="LikedList.TestNG_LList"/>
  <testcase name="testGet_1_pos" time="0.002" classname="LikedList.TestNG_LList"/>
  <testcase name="testGet_2_pos" time="0.001" classname="LikedList.TestNG_LList"/>
  <testcase name="testGet_posit_eqal_40" time="0.002" classname="LikedList.TestNG_LList"/>
  <testcase name="testGet_posit_eqal_m4" time="0.002" classname="LikedList.TestNG_LList"/>
  <testcase name="testMax" time="0.001" classname="LikedList.TestNG_LList"/>
  <testcase name="testMax_0_elem" time="0.002" classname="LikedList.TestNG_LList"/>
  <testcase name="testMax_1_elem" time="0.001" classname="LikedList.TestNG_LList"/>
  <testcase name="testMax_2_elem" time="0.001" classname="LikedList.TestNG_LList"/>
  <testcase name="testMin" time="0.001" classname="LikedList.TestNG_LList"/>
  <testcase name="testMin_0_elem" time="0.002" classname="LikedList.TestNG_LList"/>
  <testcase name="testMin_1_elem" time="0.601" classname="LikedList.TestNG_LList"/>
  <testcase name="testMin_2_elem" time="0.002" classname="LikedList.TestNG_LList"/>
  <testcase name="testSet" time="0.002" classname="LikedList.TestNG_LList"/>
  <testcase name="testSet_0_elem" time="0.002" classname="LikedList.TestNG_LList"/>
  <testcase name="testSet_1_elem" time="0.009" classname="LikedList.TestNG_LList"/>
  <testcase name="testSet_2_elem" time="0.002" classname="LikedList.TestNG_LList"/>
  <testcase name="testSet_toEndPos" time="0.007" classname="LikedList.TestNG_LList"/>
  <testcase name="testSet_toStartPos" time="0.001" classname="LikedList.TestNG_LList"/>
  <testcase name="testSet_toStartPos_40" time="0.001" classname="LikedList.TestNG_LList"/>
  <testcase name="testSet_toStartPos_m4" time="0.009" classname="LikedList.TestNG_LList"/>
  <testcase name="testSort" time="0.003" classname="LikedList.TestNG_LList"/>
  <testcase name="testSort_1_elem" time="0.001" classname="LikedList.TestNG_LList"/>
  <testcase name="testSort_2_elem" time="0.001" classname="LikedList.TestNG_LList"/>
  <testcase name="testSort_empty" time="0.002" classname="LikedList.TestNG_LList"/>
  <testcase name="testToString" time="0.004" classname="LikedList.TestNG_LList"/>
  <testcase name="testToString_0_el" time="0.001" classname="LikedList.TestNG_LList"/>
  <testcase name="testToString_1_el" time="0.001" classname="LikedList.TestNG_LList"/>
  <testcase name="testToString_2_el" time="0.001" classname="LikedList.TestNG_LList"/>
  <testcase name="test_mult_0" time="0.001" classname="LikedList.TestNG_LList"/>
  <testcase name="test_mult_1" time="0.001" classname="LikedList.TestNG_LList"/>
  <testcase name="test_mult_2" time="0.002" classname="LikedList.TestNG_LList"/>
  <testcase name="test_mult_many" time="0.001" classname="LikedList.TestNG_LList"/>
  <testcase name="testaddPos" time="0.001" classname="LikedList.TestNG_LList"/>
  <testcase name="testaddPos_0_elem" time="0.001" classname="LikedList.TestNG_LList"/>
  <testcase name="testaddPos_1_elem" time="0.001" classname="LikedList.TestNG_LList"/>
  <testcase name="testaddPos_2_elem" time="0.039" classname="LikedList.TestNG_LList"/>
  <testcase name="testaddPos_50" time="0.004" classname="LikedList.TestNG_LList"/>
  <testcase name="testaddPos_m5" time="0.007" classname="LikedList.TestNG_LList"/>
  <testcase name="testdelEnd" time="0.012" classname="LikedList.TestNG_LList"/>
  <testcase name="testdelEnd_0_elem" time="0.001" classname="LikedList.TestNG_LList"/>
  <testcase name="testdelEnd_1_elem" time="0.001" classname="LikedList.TestNG_LList"/>
  <testcase name="testdelEnd_2_elem" time="0.001" classname="LikedList.TestNG_LList"/>
  <testcase name="testdelPos" time="0.002" classname="LikedList.TestNG_LList"/>
  <testcase name="testdelPos_0_el" time="0.003" classname="LikedList.TestNG_LList"/>
  <testcase name="testdelPos_1_el" time="0.001" classname="LikedList.TestNG_LList"/>
  <testcase name="testdelPos_2_el" time="0.001" classname="LikedList.TestNG_LList"/>
  <testcase name="testdelPos_50" time="0.002" classname="LikedList.TestNG_LList"/>
  <testcase name="testdelPos_m5" time="0.001" classname="LikedList.TestNG_LList"/>
  <testcase name="testdelStart" time="0.001" classname="LikedList.TestNG_LList"/>
  <testcase name="testdelStart_0_elem" time="0.001" classname="LikedList.TestNG_LList"/>
  <testcase name="testdelStart_1_elem" time="0.023" classname="LikedList.TestNG_LList"/>
  <testcase name="testdelStart_2_elem" time="0.001" classname="LikedList.TestNG_LList"/>
  <testcase name="testhalfReverse_0" time="0.001" classname="LikedList.TestNG_LList"/>
  <testcase name="testhalfReverse_1_elem" time="0.001" classname="LikedList.TestNG_LList"/>
  <testcase name="testhalfReverse_2_elem" time="0.001" classname="LikedList.TestNG_LList"/>
  <testcase name="testhalfReverse_Even" time="0.001" classname="LikedList.TestNG_LList"/>
  <testcase name="testhalfReverse_notEven" time="0.001" classname="LikedList.TestNG_LList"/>
  <testcase name="testmaxPos" time="0.001" classname="LikedList.TestNG_LList"/>
  <testcase name="testmaxPos_1_el" time="0.001" classname="LikedList.TestNG_LList"/>
  <testcase name="testmaxPos_2_elem" time="0.001" classname="LikedList.TestNG_LList"/>
  <testcase name="testmaxPos_empty" time="0.011" classname="LikedList.TestNG_LList"/>
  <testcase name="testminPos" time="0.001" classname="LikedList.TestNG_LList"/>
  <testcase name="testminPos_1_elem" time="0.002" classname="LikedList.TestNG_LList"/>
  <testcase name="testminPos_2_elem" time="0.001" classname="LikedList.TestNG_LList"/>
  <testcase name="testminPos_ImptyArray" time="0.001" classname="LikedList.TestNG_LList"/>
  <testcase name="testreverse_0_elem" time="0.0" classname="LikedList.TestNG_LList"/>
  <testcase name="testreverse_1_elem" time="0.001" classname="LikedList.TestNG_LList"/>
  <testcase name="testreverse_2_elem" time="0.001" classname="LikedList.TestNG_LList"/>
  <testcase name="testreverse_Even" time="0.001" classname="LikedList.TestNG_LList"/>
  <testcase name="testreverse_notEven" time="0.001" classname="LikedList.TestNG_LList"/>
</testsuite> <!-- Default test -->
